CREATE TABLE moc100 (
	ivoid text,
	coverage smoc,
	ref_system_name text
);
COPY moc100 FROM STDIN;
ANALYZE moc100;
CREATE INDEX ON moc100 USING GIN (coverage);
SELECT ivoid FROM moc100 WHERE coverage && '4/0' ORDER BY ivoid;
                  ivoid                   
------------------------------------------
 ivo://byu.arvo/dfbsspec/q/getssa
 ivo://cadc.nrc.ca/archive/cfht
 ivo://cadc.nrc.ca/archive/hst
 ivo://cds.vizier/b/assocdata
 ivo://cds.vizier/b/swift
 ivo://cds.vizier/i/241
 ivo://cds.vizier/iv/12
 ivo://cds.vizier/ix/13
 ivo://cds.vizier/j/a+a/316/147
 ivo://cds.vizier/j/a+as/105/311
 ivo://cds.vizier/j/a+as/122/235
 ivo://chivo/gaia/q/dr1
 ivo://chivo/openngc/q/data
 ivo://cxc.harvard.edu/csc
 ivo://irsa.ipac/2mass/catalog/psc
 ivo://irsa.ipac/2mass/catalog/xsc
 ivo://irsa.ipac/2mass/images/asky-ql
 ivo://irsa.ipac/cosmos/images
 ivo://irsa.ipac/iras/images/issa
 ivo://irsa.ipac/mast/scrapbook
 ivo://irsa.ipac/spitzer/images/swire
 ivo://mssl.ucl.ac.uk/xmmsuss_dsa/xmmsuss
 ivo://ned.ipac/sia
 ivo://ned.ipac/tap
 ivo://svo.cab/cat/gbs
 ivo://svo.cab/cat/uves
 ivo://svo.cab/cat/xshooter
 ivo://vopdc.iap/fss
 ivo://vopdc.obspm/imcce/m4ast
 ivo://vopdc.obspm/imcce/miriade
 ivo://vopdc.obspm/imcce/skybot
 ivo://vopdc.obspm/lesia/bestars/besc
 ivo://vopdc.obspm/lesia/bestars/bess
 ivo://vopdc.obspm/luth/exoplanet
 ivo://vopdc.obspm/luth/hess
(35 rows)

-- PG 10 does not have JIT, ignore errors on SET
DO $$
   begin
      set jit = off;
   exception
      when undefined_object then null;
      when others then raise;
   end;
$$;
SELECT explain ($$SELECT * FROM moc100 WHERE coverage && '0/'$$);
                                         explain                                          
------------------------------------------------------------------------------------------
 Bitmap Heap Scan on moc100  (rows=1 width=341) (actual rows=0 loops=1)
   Recheck Cond: (coverage && '0/'::smoc)
   ->  Bitmap Index Scan on moc100_coverage_idx  (rows=1 width=0) (actual rows=0 loops=1)
         Index Cond: (coverage && '0/'::smoc)
(4 rows)

SELECT explain ($$SELECT * FROM moc100 WHERE coverage && '4/0'$$);
                             explain                             
-----------------------------------------------------------------
 Seq Scan on moc100  (rows=1 width=341) (actual rows=35 loops=1)
   Filter: (coverage && '4/0'::smoc)
   Rows Removed by Filter: 66
(3 rows)

SELECT explain ($$SELECT * FROM moc100 WHERE coverage = '0/0-11'$$);
                             explain                             
-----------------------------------------------------------------
 Seq Scan on moc100  (rows=1 width=341) (actual rows=23 loops=1)
   Filter: (coverage = '0/0-11'::smoc)
   Rows Removed by Filter: 78
(3 rows)

SELECT explain ($$SELECT * FROM moc100 WHERE coverage = '6/43225,43227'$$);
                            explain                             
----------------------------------------------------------------
 Seq Scan on moc100  (rows=1 width=341) (actual rows=1 loops=1)
   Filter: (coverage = '6/43225 43227'::smoc)
   Rows Removed by Filter: 100
(3 rows)

SELECT explain ($$SELECT * FROM moc100 WHERE coverage = '0/'$$);
                            explain                             
----------------------------------------------------------------
 Seq Scan on moc100  (rows=1 width=341) (actual rows=1 loops=1)
   Filter: (coverage = '0/'::smoc)
   Rows Removed by Filter: 100
(3 rows)

SELECT explain ($$SELECT * FROM moc100 WHERE coverage <> '0/0-11'$$);
                              explain                              
-------------------------------------------------------------------
 Seq Scan on moc100  (rows=100 width=341) (actual rows=78 loops=1)
   Filter: (coverage <> '0/0-11'::smoc)
   Rows Removed by Filter: 23
(3 rows)

SELECT explain ($$SELECT * FROM moc100 WHERE coverage <> '6/43225,43227'$$);
                              explain                               
--------------------------------------------------------------------
 Seq Scan on moc100  (rows=100 width=341) (actual rows=100 loops=1)
   Filter: (coverage <> '6/43225 43227'::smoc)
   Rows Removed by Filter: 1
(3 rows)

SELECT explain ($$SELECT * FROM moc100 WHERE coverage <> '0/'$$);
                              explain                               
--------------------------------------------------------------------
 Seq Scan on moc100  (rows=100 width=341) (actual rows=100 loops=1)
   Filter: (coverage <> '0/'::smoc)
   Rows Removed by Filter: 1
(3 rows)

SET enable_seqscan = off;
SELECT explain ($$SELECT * FROM moc100 WHERE coverage && '4/0'$$);
                                          explain                                          
-------------------------------------------------------------------------------------------
 Bitmap Heap Scan on moc100  (rows=1 width=341) (actual rows=35 loops=1)
   Recheck Cond: (coverage && '4/0'::smoc)
   Heap Blocks: exact=5
   ->  Bitmap Index Scan on moc100_coverage_idx  (rows=1 width=0) (actual rows=35 loops=1)
         Index Cond: (coverage && '4/0'::smoc)
(5 rows)

SELECT explain ($$SELECT * FROM moc100 WHERE coverage <@ '4/0'$$);
                                          explain                                          
-------------------------------------------------------------------------------------------
 Bitmap Heap Scan on moc100  (rows=1 width=341) (actual rows=1 loops=1)
   Recheck Cond: (coverage <@ '4/0'::smoc)
   Rows Removed by Index Recheck: 35
   Heap Blocks: exact=5
   ->  Bitmap Index Scan on moc100_coverage_idx  (rows=1 width=0) (actual rows=36 loops=1)
         Index Cond: (coverage <@ '4/0'::smoc)
(6 rows)

SELECT explain ($$SELECT * FROM moc100 WHERE coverage @> '4/0'$$);
                                          explain                                          
-------------------------------------------------------------------------------------------
 Bitmap Heap Scan on moc100  (rows=1 width=341) (actual rows=28 loops=1)
   Recheck Cond: (coverage @> '4/0'::smoc)
   Rows Removed by Index Recheck: 1
   Heap Blocks: exact=4
   ->  Bitmap Index Scan on moc100_coverage_idx  (rows=1 width=0) (actual rows=29 loops=1)
         Index Cond: (coverage @> '4/0'::smoc)
(6 rows)

SELECT explain ($$SELECT * FROM moc100 WHERE coverage = '0/0-11'$$);
                                          explain                                          
-------------------------------------------------------------------------------------------
 Bitmap Heap Scan on moc100  (rows=1 width=341) (actual rows=23 loops=1)
   Recheck Cond: (coverage = '0/0-11'::smoc)
   Rows Removed by Index Recheck: 1
   Heap Blocks: exact=2
   ->  Bitmap Index Scan on moc100_coverage_idx  (rows=1 width=0) (actual rows=24 loops=1)
         Index Cond: (coverage = '0/0-11'::smoc)
(6 rows)

SELECT explain ($$SELECT * FROM moc100 WHERE coverage = '6/43225,43227'$$);
                                          explain                                          
-------------------------------------------------------------------------------------------
 Bitmap Heap Scan on moc100  (rows=1 width=341) (actual rows=1 loops=1)
   Recheck Cond: (coverage = '6/43225 43227'::smoc)
   Rows Removed by Index Recheck: 28
   Heap Blocks: exact=3
   ->  Bitmap Index Scan on moc100_coverage_idx  (rows=1 width=0) (actual rows=29 loops=1)
         Index Cond: (coverage = '6/43225 43227'::smoc)
(6 rows)

SELECT explain ($$SELECT * FROM moc100 WHERE coverage = '0/'$$);
                                         explain                                          
------------------------------------------------------------------------------------------
 Bitmap Heap Scan on moc100  (rows=1 width=341) (actual rows=1 loops=1)
   Recheck Cond: (coverage = '0/'::smoc)
   Heap Blocks: exact=1
   ->  Bitmap Index Scan on moc100_coverage_idx  (rows=1 width=0) (actual rows=1 loops=1)
         Index Cond: (coverage = '0/'::smoc)
(5 rows)

SELECT explain ($$SELECT * FROM moc100 WHERE coverage <> '0/0-11'$$);
                                           explain                                            
----------------------------------------------------------------------------------------------
 Bitmap Heap Scan on moc100  (rows=100 width=341) (actual rows=78 loops=1)
   Recheck Cond: (coverage <> '0/0-11'::smoc)
   Rows Removed by Index Recheck: 23
   Heap Blocks: exact=5
   ->  Bitmap Index Scan on moc100_coverage_idx  (rows=100 width=0) (actual rows=101 loops=1)
         Index Cond: (coverage <> '0/0-11'::smoc)
(6 rows)

SELECT explain ($$SELECT * FROM moc100 WHERE coverage <> '6/43225,43227'$$);
                                           explain                                            
----------------------------------------------------------------------------------------------
 Bitmap Heap Scan on moc100  (rows=100 width=341) (actual rows=100 loops=1)
   Recheck Cond: (coverage <> '6/43225 43227'::smoc)
   Rows Removed by Index Recheck: 1
   Heap Blocks: exact=5
   ->  Bitmap Index Scan on moc100_coverage_idx  (rows=100 width=0) (actual rows=101 loops=1)
         Index Cond: (coverage <> '6/43225 43227'::smoc)
(6 rows)

SELECT explain ($$SELECT * FROM moc100 WHERE coverage <> '0/'$$);
                                           explain                                            
----------------------------------------------------------------------------------------------
 Bitmap Heap Scan on moc100  (rows=100 width=341) (actual rows=100 loops=1)
   Recheck Cond: (coverage <> '0/'::smoc)
   Rows Removed by Index Recheck: 1
   Heap Blocks: exact=5
   ->  Bitmap Index Scan on moc100_coverage_idx  (rows=100 width=0) (actual rows=101 loops=1)
         Index Cond: (coverage <> '0/'::smoc)
(6 rows)

